2025-08-24 12:24:37 | INFO     | __main__:run_experiment:43 - Starting Deep Hedging Experiment...
2025-08-24 12:24:37 | INFO     | __main__:run_experiment:46 - Loading market data...
2025-08-24 12:24:47 | INFO     | __main__:run_experiment:51 - Creating models with deterministic initialization...
2025-08-24 12:24:47 | INFO     | __main__:run_experiment:68 - Training GAN on worst-case scenarios...
2025-08-24 12:24:47 | INFO     | __main__:_train_gan_simple:123 - GAN Epoch 0: D_loss=1.3864, G_loss=0.6936
2025-08-24 12:24:48 | INFO     | __main__:_train_gan_simple:123 - GAN Epoch 20: D_loss=1.3869, G_loss=0.6928
2025-08-24 12:24:50 | INFO     | __main__:_train_gan_simple:123 - GAN Epoch 40: D_loss=1.3853, G_loss=0.6943
2025-08-24 12:24:50 | INFO     | __main__:run_experiment:83 - Training hedger on GAN-generated paths...
2025-08-24 12:24:50 | INFO     | __main__:_train_hedger_simple:154 - Hedger Episode 0: Avg Reward = 1.7252
2025-08-24 12:24:52 | INFO     | __main__:_train_hedger_simple:154 - Hedger Episode 100: Avg Reward = 1.7252
2025-08-24 12:24:53 | INFO     | __main__:_train_hedger_simple:154 - Hedger Episode 200: Avg Reward = 1.7252
2025-08-24 12:24:55 | INFO     | __main__:_train_hedger_simple:154 - Hedger Episode 300: Avg Reward = 1.7252
2025-08-24 12:24:56 | INFO     | __main__:_train_hedger_simple:154 - Hedger Episode 400: Avg Reward = 1.7252
2025-08-24 12:24:58 | INFO     | __main__:run_experiment:87 - Evaluating on historical crashes...
2025-08-24 12:24:58 | INFO     | __main__:evaluate_on_crashes:159 - Data length: 43780
2025-08-24 12:24:58 | INFO     | __main__:evaluate_on_crashes:160 - Data type: <class 'pandas.core.frame.DataFrame'>
2025-08-24 12:24:58 | INFO     | __main__:evaluate_on_crashes:161 - Index type: <class 'pandas.core.indexes.datetimes.DatetimeIndex'>
2025-08-24 12:24:58 | INFO     | __main__:evaluate_on_crashes:162 - Index sample: DatetimeIndex(['2015-01-01 02:40:00', '2015-01-01 02:48:00',
               '2015-01-01 02:56:00', '2015-01-01 03:04:00',
               '2015-01-01 03:12:00'],
              dtype='datetime64[ns]', freq='8T')
2025-08-24 12:24:58 | INFO     | __main__:evaluate_on_crashes:163 - Option data length: 43780
2025-08-24 12:24:58 | INFO     | __main__:evaluate_on_crashes:164 - Option data index type: <class 'pandas.core.indexes.datetimes.DatetimeIndex'>
2025-08-24 12:24:58 | INFO     | __main__:evaluate_on_crashes:165 - Option data index sample: DatetimeIndex(['2015-01-01 02:40:00', '2015-01-01 02:48:00',
               '2015-01-01 02:56:00', '2015-01-01 03:04:00',
               '2015-01-01 03:12:00'],
              dtype='datetime64[ns]', name='timestamp', freq=None)
2025-08-24 12:24:58 | INFO     | __main__:evaluate_on_crashes:170 - Using real data crash periods
2025-08-24 12:24:58 | INFO     | __main__:evaluate_on_crashes:174 - Data range: 2015-01-01 02:40:00 to 2015-09-01 07:52:00
2025-08-24 12:24:58 | INFO     | __main__:evaluate_on_crashes:179 - Date 2015-06-01 00:00:00 found in index
2025-08-24 12:24:58 | INFO     | __main__:evaluate_on_crashes:204 - 
Evaluating on Synthetic Crash 1...
2025-08-24 12:24:58 | INFO     | __main__:evaluate_on_crashes:205 - Start: 2015-06-01, End: 2015-06-30, Type: <class 'str'>
2025-08-24 12:24:58 | INFO     | __main__:evaluate_on_crashes:227 - Evaluating AI Hedger...
2025-08-24 12:25:00 | INFO     | __main__:evaluate_on_crashes:231 - Evaluating Simple Delta Hedger...
2025-08-24 12:25:00 | INFO     | __main__:evaluate_on_crashes:239 - 
Synthetic Crash 1 Comparison:
2025-08-24 12:25:00 | INFO     | __main__:evaluate_on_crashes:240 -   AI Hedger - CVaR 95%: 60.2659, Mean P&L: -0.3432
2025-08-24 12:25:00 | INFO     | __main__:evaluate_on_crashes:241 -   Delta Hedger - CVaR 95%: 424.7492, Mean P&L: -2.2731
2025-08-24 12:25:00 | INFO     | __main__:evaluate_on_crashes:245 -   CVaR Improvement: 85.81%
2025-08-24 12:25:00 | INFO     | __main__:evaluate_on_crashes:204 - 
Evaluating on Synthetic Crash 2...
2025-08-24 12:25:00 | INFO     | __main__:evaluate_on_crashes:205 - Start: 2015-12-01, End: 2015-12-31, Type: <class 'str'>
2025-08-24 12:25:00 | INFO     | __main__:evaluate_on_crashes:223 - No data available for Synthetic Crash 2
2025-08-24 12:25:00 | INFO     | __main__:run_experiment:90 - Experiment completed!
