2025-08-24 16:09:49 | INFO     | src.deephedge.utils.logger:log_experiment_start:100 - ============================================================
2025-08-24 16:09:49 | INFO     | src.deephedge.utils.logger:log_experiment_start:101 - EXPERIMENT START
2025-08-24 16:09:49 | INFO     | src.deephedge.utils.logger:log_experiment_start:102 - ============================================================
2025-08-24 16:09:49 | INFO     | src.deephedge.utils.logger:log_experiment_start:105 - Experiment Name: gan_vs_gbm_deep_hedging
2025-08-24 16:09:49 | INFO     | src.deephedge.utils.logger:log_experiment_start:106 - Seed: 42
2025-08-24 16:09:49 | INFO     | src.deephedge.utils.logger:log_experiment_start:107 - Device: cuda
2025-08-24 16:09:49 | INFO     | src.deephedge.utils.logger:log_experiment_start:112 - Git Commit SHA: 6ada3f08649a1048a43a4a647a6008725452d260
2025-08-24 16:09:49 | INFO     | src.deephedge.utils.logger:log_experiment_start:113 - Docker Image Hash: not-docker
2025-08-24 16:09:49 | INFO     | src.deephedge.utils.logger:log_experiment_start:119 - Config Hash: 61507b7d8fc645f2d9d4cbac90823329
2025-08-24 16:09:49 | INFO     | src.deephedge.utils.logger:log_experiment_start:130 - CUDA not available, using CPU
2025-08-24 16:09:49 | INFO     | src.deephedge.utils.logger:log_experiment_start:133 - Deterministic Mode: True
2025-08-24 16:09:49 | INFO     | src.deephedge.utils.logger:log_experiment_start:134 - CUDA Deterministic: True
2025-08-24 16:09:49 | INFO     | src.deephedge.utils.logger:log_experiment_start:136 - ============================================================
2025-08-24 16:09:49 | INFO     | __main__:main:315 - Loading market data...
2025-08-24 16:09:59 | INFO     | __main__:main:330 - Training GAN...
2025-08-24 16:09:59 | INFO     | __main__:train_gan:52 - Training GAN...
2025-08-24 16:09:59 | INFO     | __main__:train_gan:150 - GAN Epoch 0: D_loss=1.3876, G_loss=0.6842
2025-08-24 16:10:03 | INFO     | __main__:train_gan:150 - GAN Epoch 20: D_loss=1.3897, G_loss=0.6878
2025-08-24 16:10:07 | INFO     | __main__:train_gan:150 - GAN Epoch 40: D_loss=1.3822, G_loss=0.6997
2025-08-24 16:10:10 | INFO     | __main__:train_gan:150 - GAN Epoch 60: D_loss=1.3856, G_loss=0.6840
2025-08-24 16:10:14 | INFO     | __main__:train_gan:150 - GAN Epoch 80: D_loss=1.3895, G_loss=0.7021
2025-08-24 16:10:18 | INFO     | __main__:main:334 - Training hedger...
2025-08-24 16:10:18 | INFO     | __main__:train_hedger:154 - Training Hedger...
2025-08-24 16:10:18 | INFO     | __main__:train_hedger:217 - Hedger Episode 0: Avg Reward = 1.0771
2025-08-24 16:10:21 | INFO     | __main__:train_hedger:217 - Hedger Episode 100: Avg Reward = -0.0911
2025-08-24 16:10:25 | INFO     | __main__:train_hedger:217 - Hedger Episode 200: Avg Reward = 0.1192
2025-08-24 16:10:29 | INFO     | __main__:train_hedger:217 - Hedger Episode 300: Avg Reward = 1.1168
2025-08-24 16:10:34 | INFO     | __main__:train_hedger:217 - Hedger Episode 400: Avg Reward = 10.9936
2025-08-24 16:10:38 | INFO     | __main__:train_hedger:217 - Hedger Episode 500: Avg Reward = 4.2719
2025-08-24 16:10:42 | INFO     | __main__:train_hedger:217 - Hedger Episode 600: Avg Reward = 4.7101
2025-08-24 16:10:46 | INFO     | __main__:train_hedger:217 - Hedger Episode 700: Avg Reward = 9.4219
2025-08-24 16:10:50 | INFO     | __main__:train_hedger:217 - Hedger Episode 800: Avg Reward = -8.3865
2025-08-24 16:10:54 | INFO     | __main__:train_hedger:217 - Hedger Episode 900: Avg Reward = -4.8053
2025-08-24 16:10:58 | INFO     | __main__:main:338 - Creating training curves...
2025-08-24 16:10:59 | INFO     | src.deephedge.utils.logger:log_experiment_end:189 - ============================================================
2025-08-24 16:10:59 | INFO     | src.deephedge.utils.logger:log_experiment_end:190 - EXPERIMENT COMPLETED
2025-08-24 16:10:59 | INFO     | src.deephedge.utils.logger:log_experiment_end:191 - ============================================================
2025-08-24 16:10:59 | INFO     | src.deephedge.utils.logger:log_experiment_end:192 - Duration: 70.02 seconds
2025-08-24 16:10:59 | INFO     | src.deephedge.utils.logger:log_experiment_end:195 - Final Metrics:
2025-08-24 16:10:59 | INFO     | src.deephedge.utils.logger:log_experiment_end:197 -   gan_metrics_count: 100
2025-08-24 16:10:59 | INFO     | src.deephedge.utils.logger:log_experiment_end:197 -   hedger_metrics_count: 1000
2025-08-24 16:10:59 | INFO     | src.deephedge.utils.logger:log_experiment_end:197 -   evaluation_periods: 0
2025-08-24 16:10:59 | INFO     | src.deephedge.utils.logger:log_experiment_end:197 -   final_gan_d_loss: 1.378698706626892
2025-08-24 16:10:59 | INFO     | src.deephedge.utils.logger:log_experiment_end:197 -   final_gan_g_loss: 0.6989256143569946
2025-08-24 16:10:59 | INFO     | src.deephedge.utils.logger:log_experiment_end:197 -   final_hedger_reward: 12.873334664927203
2025-08-24 16:10:59 | INFO     | src.deephedge.utils.logger:log_experiment_end:197 -   final_hedger_cvar: 136.82325598051708
2025-08-24 16:10:59 | INFO     | src.deephedge.utils.logger:log_experiment_end:199 - ============================================================
2025-08-24 16:10:59 | INFO     | __main__:main:356 - Training completed!
